<?xml version="1.0" encoding="UTF-8"?>
<!-- Generated by org.testng.reporters.JUnitReportReporter -->
<testsuite hostname="RGDevice" failures="0" tests="4" name="Tests.LoginPageTest" time="21.295" errors="0" timestamp="2024-11-17T17:31:23 IST" skipped="0">
  <testcase classname="Tests.LoginPageTest" name="check_title" time="3.377"/>
  <system-out/>
  <testcase classname="Tests.LoginPageTest" name="check_logo" time="8.796"/>
  <system-out/>
  <testcase classname="Tests.LoginPageTest" name="login" time="6.944"/>
  <system-out/>
  <testcase classname="Tests.LoginPageTest" name="verify_createaccount_option" time="2.178"/>
  <system-out/>
</testsuite> <!-- Tests.LoginPageTest -->
