<?xml version="1.0" encoding="UTF-8"?>
<!-- Generated by org.testng.reporters.JUnitReportReporter -->
<testsuite hostname="RGDevice" failures="0" tests="3" name="Tests.ProductDetailsPageTest" time="53.578" errors="0" timestamp="2024-11-15T21:04:58 IST" skipped="0">
  <testcase classname="Tests.ProductDetailsPageTest" name="check_title_page" time="19.771"/>
  <system-out/>
  <testcase classname="Tests.ProductDetailsPageTest" name="verify_productdetailscreen" time="16.990"/>
  <system-out/>
  <testcase classname="Tests.ProductDetailsPageTest" name="about_product" time="16.817"/>
  <system-out/>
</testsuite> <!-- Tests.ProductDetailsPageTest -->
