<?xml version="1.0" encoding="UTF-8"?>
<!-- Generated by org.testng.reporters.JUnitReportReporter -->
<testsuite hostname="RGDevice" failures="0" tests="4" name="Tests.YourOrdersPageTest" time="36.918" errors="0" timestamp="2024-10-13T17:34:10 IST" skipped="0">
  <testcase classname="Tests.YourOrdersPageTest" name="check_title" time="6.900"/>
  <testcase classname="Tests.YourOrdersPageTest" name="check_page" time="6.966"/>
  <testcase classname="Tests.YourOrdersPageTest" name="get_yourorders_options" time="10.717"/>
  <testcase classname="Tests.YourOrdersPageTest" name="check_path" time="12.335"/>
</testsuite> <!-- Tests.YourOrdersPageTest -->
