<?xml version="1.0" encoding="UTF-8"?>
<!-- Generated by org.testng.reporters.JUnitReportReporter -->
<testsuite hostname="RGDevice" failures="0" tests="5" name="Tests.DashboardPageTest" time="33.771" errors="0" timestamp="2024-10-27T11:53:17 IST" skipped="0">
  <testcase classname="Tests.DashboardPageTest" name="get_title" time="5.239"/>
  <system-out/>
  <testcase classname="Tests.DashboardPageTest" name="check_logo" time="5.998"/>
  <system-out/>
  <testcase classname="Tests.DashboardPageTest" name="get_elements" time="5.465"/>
  <system-out/>
  <testcase classname="Tests.DashboardPageTest" name="search_products" time="9.742"/>
  <system-out/>
  <testcase classname="Tests.DashboardPageTest" name="check_user_name" time="7.327"/>
  <system-out/>
</testsuite> <!-- Tests.DashboardPageTest -->
