<?xml version="1.0" encoding="UTF-8"?>
<!-- Generated by org.testng.reporters.JUnitReportReporter -->
<testsuite hostname="RGDevice" failures="0" tests="2" name="Tests.YourOrdersPageTest" time="25.829" errors="0" timestamp="2024-10-10T15:38:42 IST" skipped="0">
  <testcase classname="Tests.YourOrdersPageTest" name="check_title" time="19.024"/>
  <testcase classname="Tests.YourOrdersPageTest" name="check_page" time="6.805"/>
</testsuite> <!-- Tests.YourOrdersPageTest -->
