<?xml version="1.0" encoding="UTF-8"?>
<!-- Generated by org.testng.reporters.JUnitReportReporter -->
<testsuite hostname="RGDevice" failures="0" tests="2" name="Tests.LoginPageTest" time="10.540" errors="0" timestamp="2024-11-23T16:33:17 IST" skipped="0">
  <testcase classname="Tests.LoginPageTest" name="check_title" time="1.978"/>
  <system-out/>
  <testcase classname="Tests.LoginPageTest" name="login" time="8.562"/>
  <system-out/>
</testsuite> <!-- Tests.LoginPageTest -->
