<?xml version="1.0" encoding="UTF-8"?>
<!-- Generated by org.testng.reporters.JUnitReportReporter -->
<testsuite hostname="RGDevice" failures="0" tests="1" name="Tests.LoginPageTest" time="5.459" errors="0" timestamp="2024-10-01T17:20:14 IST" skipped="0">
  <testcase classname="Tests.LoginPageTest" name="login" time="5.459"/>
</testsuite> <!-- Tests.LoginPageTest -->
