<?xml version="1.0" encoding="UTF-8"?>
<!-- Generated by org.testng.reporters.JUnitReportReporter -->
<testsuite hostname="RGDevice" failures="0" tests="5" name="Tests.ShoppingCardPageTest" time="39.140" errors="0" timestamp="2024-10-22T15:26:09 IST" skipped="1">
  <testcase classname="Tests.ShoppingCardPageTest" name="Verify_title_of_page" time="8.909"/>
  <system-out/>
  <testcase classname="Tests.ShoppingCardPageTest" name="check_page" time="8.491"/>
  <system-out/>
  <testcase classname="Tests.ShoppingCardPageTest" name="list_of_items" time="8.108"/>
  <system-out/>
  <testcase classname="Tests.ShoppingCardPageTest" name="do_checkout" time="13.632"/>
  <system-out/>
  <testcase classname="Tests.ShoppingCardPageTest" name="add_product">
    <skipped/>
  </testcase> <!-- add_product -->
  <system-out/>
</testsuite> <!-- Tests.ShoppingCardPageTest -->
