<?xml version="1.0" encoding="UTF-8"?>
<!-- Generated by org.testng.reporters.JUnitReportReporter -->
<testsuite hostname="RGDevice" failures="0" tests="3" name="Tests.LoginPageTest" time="11.381" errors="0" timestamp="2024-10-21T16:37:30 IST" skipped="0">
  <testcase classname="Tests.LoginPageTest" name="check_title" time="2.012"/>
  <testcase classname="Tests.LoginPageTest" name="check_logo" time="2.025"/>
  <testcase classname="Tests.LoginPageTest" name="login" time="7.344"/>
</testsuite> <!-- Tests.LoginPageTest -->
