<?xml version="1.0" encoding="UTF-8"?>
<!-- Generated by org.testng.reporters.JUnitReportReporter -->
<testsuite hostname="RGDevice" failures="0" tests="3" name="Tests.LoginPageTest" time="18.354" errors="0" timestamp="2024-10-06T15:55:10 IST" skipped="0">
  <testcase classname="Tests.LoginPageTest" name="check_title" time="3.561"/>
  <testcase classname="Tests.LoginPageTest" name="check_logo" time="8.803"/>
  <testcase classname="Tests.LoginPageTest" name="login" time="5.990"/>
</testsuite> <!-- Tests.LoginPageTest -->
