<?xml version="1.0" encoding="UTF-8"?>
<!-- Generated by org.testng.reporters.JUnitReportReporter -->
<testsuite hostname="RGDevice" failures="0" tests="3" name="Tests.ProductDetailsPageTest" time="67.384" errors="0" timestamp="2024-10-29T15:52:23 IST" skipped="0">
  <testcase classname="Tests.ProductDetailsPageTest" name="check_title_page" time="21.432"/>
  <system-out/>
  <testcase classname="Tests.ProductDetailsPageTest" name="verify_productdetailscreen" time="23.296"/>
  <system-out/>
  <testcase classname="Tests.ProductDetailsPageTest" name="about_product" time="22.656"/>
  <system-out/>
</testsuite> <!-- Tests.ProductDetailsPageTest -->
