<?xml version="1.0" encoding="UTF-8"?>
<!-- Generated by org.testng.reporters.JUnitReportReporter -->
<testsuite hostname="RGDevice" failures="0" tests="5" name="Tests.DashboardPageTest" time="35.116" errors="0" timestamp="2024-10-21T16:37:30 IST" skipped="0">
  <testcase classname="Tests.DashboardPageTest" name="get_title" time="6.027"/>
  <testcase classname="Tests.DashboardPageTest" name="check_logo" time="6.334"/>
  <testcase classname="Tests.DashboardPageTest" name="get_elements" time="5.816"/>
  <testcase classname="Tests.DashboardPageTest" name="search_products" time="10.156"/>
  <testcase classname="Tests.DashboardPageTest" name="check_user_name" time="6.783"/>
</testsuite> <!-- Tests.DashboardPageTest -->
