<?xml version="1.0" encoding="UTF-8"?>
<!-- Generated by org.testng.reporters.JUnitReportReporter -->
<testsuite hostname="RGDevice" failures="0" tests="3" name="Tests.LoginPageTest" time="12.566" errors="0" timestamp="2024-10-06T20:02:01 IST" skipped="0">
  <testcase classname="Tests.LoginPageTest" name="check_title" time="2.581"/>
  <testcase classname="Tests.LoginPageTest" name="check_logo" time="6.335"/>
  <testcase classname="Tests.LoginPageTest" name="login" time="3.650"/>
</testsuite> <!-- Tests.LoginPageTest -->
