<?xml version="1.0" encoding="UTF-8"?>
<!-- Generated by org.testng.reporters.JUnitReportReporter -->
<testsuite hostname="RGDevice" failures="0" tests="4" name="Tests.DashboardPageTest" time="38.423" errors="0" timestamp="2024-10-06T20:03:08 IST" skipped="0">
  <testcase classname="Tests.DashboardPageTest" name="get_title" time="6.547"/>
  <testcase classname="Tests.DashboardPageTest" name="check_logo" time="6.327"/>
  <testcase classname="Tests.DashboardPageTest" name="get_elements" time="9.059"/>
  <testcase classname="Tests.DashboardPageTest" name="search_products" time="16.490"/>
</testsuite> <!-- Tests.DashboardPageTest -->
