<?xml version="1.0" encoding="UTF-8"?>
<!-- Generated by org.testng.reporters.JUnitReportReporter -->
<testsuite hostname="RGDevice" failures="0" tests="3" name="Tests.LoginPageTest" time="9.839" errors="0" timestamp="2024-10-01T17:29:00 IST" skipped="0">
  <testcase classname="Tests.LoginPageTest" name="check_title" time="4.898"/>
  <testcase classname="Tests.LoginPageTest" name="check_logo" time="1.797"/>
  <testcase classname="Tests.LoginPageTest" name="login" time="3.144"/>
</testsuite> <!-- Tests.LoginPageTest -->
