<?xml version="1.0" encoding="UTF-8"?>
<!-- Generated by org.testng.reporters.JUnitReportReporter -->
<testsuite hostname="RGDevice" failures="0" tests="2" name="Tests.ProductDetailsPageTest" time="30.862" errors="0" timestamp="2024-10-21T16:37:30 IST" skipped="0">
  <testcase classname="Tests.ProductDetailsPageTest" name="check_title_page" time="15.543"/>
  <testcase classname="Tests.ProductDetailsPageTest" name="verify_productdetailscreen" time="15.319"/>
</testsuite> <!-- Tests.ProductDetailsPageTest -->
