<?xml version="1.0" encoding="UTF-8"?>
<!-- Generated by org.testng.reporters.JUnitReportReporter -->
<testsuite hostname="RGDevice" failures="0" tests="1" name="Tests.YourOrdersPageTest" time="11.643" errors="0" timestamp="2024-10-13T16:54:23 IST" skipped="0">
  <testcase classname="Tests.YourOrdersPageTest" name="get_yourorders_options" time="11.643"/>
</testsuite> <!-- Tests.YourOrdersPageTest -->
