<?xml version="1.0" encoding="UTF-8"?>
<!-- Generated by org.testng.reporters.JUnitReportReporter -->
<testsuite hostname="RGDevice" failures="0" tests="1" name="Tests.DashboardPageTest" time="14.658" errors="0" timestamp="2024-10-17T20:24:57 IST" skipped="0">
  <testcase classname="Tests.DashboardPageTest" name="check_user_name" time="14.658"/>
</testsuite> <!-- Tests.DashboardPageTest -->
