<?xml version="1.0" encoding="UTF-8"?>
<!-- Generated by org.testng.reporters.JUnitReportReporter -->
<testsuite hostname="RGDevice" failures="0" tests="1" name="Tests.ProductDetailsPageTest" time="28.866" errors="0" timestamp="2024-10-10T15:23:10 IST" skipped="0">
  <testcase classname="Tests.ProductDetailsPageTest" name="check_title_page" time="28.866"/>
</testsuite> <!-- Tests.ProductDetailsPageTest -->
