<?xml version="1.0" encoding="UTF-8"?>
<!-- Generated by org.testng.reporters.JUnitReportReporter -->
<testsuite hostname="RGDevice" failures="0" tests="5" name="Tests.ShoppingCardPageTest" time="45.311" errors="0" timestamp="2024-11-15T21:04:58 IST" skipped="1">
  <testcase classname="Tests.ShoppingCardPageTest" name="Verify_title_of_page" time="9.711"/>
  <system-out/>
  <testcase classname="Tests.ShoppingCardPageTest" name="check_page" time="8.484"/>
  <system-out/>
  <testcase classname="Tests.ShoppingCardPageTest" name="list_of_items" time="9.931"/>
  <system-out/>
  <testcase classname="Tests.ShoppingCardPageTest" name="do_checkout" time="17.185"/>
  <system-out/>
  <testcase classname="Tests.ShoppingCardPageTest" name="add_product">
    <skipped/>
  </testcase> <!-- add_product -->
  <system-out/>
</testsuite> <!-- Tests.ShoppingCardPageTest -->
