<?xml version="1.0" encoding="UTF-8"?>
<!-- Generated by org.testng.reporters.JUnitReportReporter -->
<testsuite hostname="RGDevice" failures="0" tests="1" name="Tests.LoginPageTest" time="5.262" errors="0" timestamp="2024-12-08T11:36:30 IST" skipped="0">
  <testcase classname="Tests.LoginPageTest" name="check_logo" time="5.262"/>
  <system-out/>
</testsuite> <!-- Tests.LoginPageTest -->
