<?xml version="1.0" encoding="UTF-8"?>
<!-- Generated by org.testng.reporters.JUnitReportReporter -->
<testsuite hostname="RGDevice" failures="0" tests="2" name="Tests.ShoppingCardPageTest" time="15.299" errors="0" timestamp="2024-10-10T16:14:44 IST" skipped="0">
  <testcase classname="Tests.ShoppingCardPageTest" name="Verify_title_of_page" time="8.244"/>
  <testcase classname="Tests.ShoppingCardPageTest" name="check_page" time="7.055"/>
</testsuite> <!-- Tests.ShoppingCardPageTest -->
