<?xml version="1.0" encoding="UTF-8"?>
<!-- Generated by org.testng.reporters.JUnitReportReporter -->
<testsuite hostname="RGDevice" failures="0" tests="5" name="Tests.ShoppingCardPageTest" time="53.214" errors="0" timestamp="2024-10-17T12:27:43 IST" skipped="1">
  <testcase classname="Tests.ShoppingCardPageTest" name="Verify_title_of_page" time="10.969"/>
  <testcase classname="Tests.ShoppingCardPageTest" name="check_page" time="12.053"/>
  <testcase classname="Tests.ShoppingCardPageTest" name="list_of_items" time="13.472"/>
  <testcase classname="Tests.ShoppingCardPageTest" name="do_checkout" time="16.720"/>
  <testcase classname="Tests.ShoppingCardPageTest" name="add_product">
    <skipped/>
  </testcase> <!-- add_product -->
</testsuite> <!-- Tests.ShoppingCardPageTest -->
