<?xml version="1.0" encoding="UTF-8"?>
<!-- Generated by org.testng.reporters.JUnitReportReporter -->
<testsuite hostname="RGDevice" failures="0" tests="3" name="Tests.ShoppingCardPageTest" time="15.233" errors="0" timestamp="2024-10-12T19:34:56 IST" skipped="1">
  <testcase classname="Tests.ShoppingCardPageTest" name="Verify_title_of_page" time="7.341"/>
  <testcase classname="Tests.ShoppingCardPageTest" name="check_page" time="7.892"/>
  <testcase classname="Tests.ShoppingCardPageTest" name="add_product">
    <skipped/>
  </testcase> <!-- add_product -->
</testsuite> <!-- Tests.ShoppingCardPageTest -->
