<?xml version="1.0" encoding="UTF-8"?>
<!-- Generated by org.testng.reporters.JUnitReportReporter -->
<testsuite hostname="RGDevice" failures="0" tests="4" name="Tests.YourOrdersPageTest" time="42.828" errors="0" timestamp="2024-10-22T15:35:28 IST" skipped="0">
  <testcase classname="Tests.YourOrdersPageTest" name="check_title" time="7.488"/>
  <system-out/>
  <testcase classname="Tests.YourOrdersPageTest" name="check_page" time="8.900"/>
  <system-out/>
  <testcase classname="Tests.YourOrdersPageTest" name="get_yourorders_options" time="11.645"/>
  <system-out/>
  <testcase classname="Tests.YourOrdersPageTest" name="check_path" time="14.795"/>
  <system-out/>
</testsuite> <!-- Tests.YourOrdersPageTest -->
