<?xml version="1.0" encoding="UTF-8"?>
<!-- Generated by org.testng.reporters.JUnitReportReporter -->
<testsuite hostname="RGDevice" failures="0" tests="1" name="Tests.YourAccountPageTest" time="14.837" errors="0" timestamp="2024-12-21T19:02:40 IST" skipped="0">
  <testcase classname="Tests.YourAccountPageTest" name="check_title" time="14.837"/>
  <system-out/>
</testsuite> <!-- Tests.YourAccountPageTest -->
