<?xml version="1.0" encoding="UTF-8"?>
<!-- Generated by org.testng.reporters.JUnitReportReporter -->
<testsuite hostname="RGDevice" failures="0" tests="5" name="Tests.DashboardPageTest" time="63.354" errors="0" timestamp="2024-10-19T18:12:59 IST" skipped="0">
  <testcase classname="Tests.DashboardPageTest" name="get_title" time="12.205"/>
  <testcase classname="Tests.DashboardPageTest" name="check_logo" time="13.640"/>
  <testcase classname="Tests.DashboardPageTest" name="get_elements" time="11.209"/>
  <testcase classname="Tests.DashboardPageTest" name="search_products" time="14.576"/>
  <testcase classname="Tests.DashboardPageTest" name="check_user_name" time="11.724"/>
</testsuite> <!-- Tests.DashboardPageTest -->
