<?xml version="1.0" encoding="UTF-8"?>
<!-- Generated by org.testng.reporters.JUnitReportReporter -->
<testsuite hostname="RGDevice" failures="0" tests="4" name="Tests.DashboardPageTest" time="54.083" errors="0" timestamp="2024-10-09T21:33:43 IST" skipped="0">
  <testcase classname="Tests.DashboardPageTest" name="get_title" time="8.994"/>
  <testcase classname="Tests.DashboardPageTest" name="check_logo" time="7.479"/>
  <testcase classname="Tests.DashboardPageTest" name="get_elements" time="20.687"/>
  <testcase classname="Tests.DashboardPageTest" name="search_products" time="16.923"/>
</testsuite> <!-- Tests.DashboardPageTest -->
