<?xml version="1.0" encoding="UTF-8"?>
<!-- Generated by org.testng.reporters.JUnitReportReporter -->
<testsuite hostname="RGDevice" failures="0" tests="3" name="Tests.LoginPageTest" time="13.523" errors="0" timestamp="2024-10-22T15:01:18 IST" skipped="0">
  <testcase classname="Tests.LoginPageTest" name="check_title" time="2.449"/>
  <system-out/>
  <testcase classname="Tests.LoginPageTest" name="check_logo" time="5.283"/>
  <system-out/>
  <testcase classname="Tests.LoginPageTest" name="login" time="5.791"/>
  <system-out/>
</testsuite> <!-- Tests.LoginPageTest -->
