<?xml version="1.0" encoding="UTF-8"?>
<!-- Generated by org.testng.reporters.JUnitReportReporter -->
<testsuite hostname="RGDevice" failures="0" tests="4" name="Tests.LoginPageTest" time="16.139" errors="0" timestamp="2024-11-19T18:54:08 IST" skipped="0">
  <testcase classname="Tests.LoginPageTest" name="check_title" time="4.174"/>
  <system-out/>
  <testcase classname="Tests.LoginPageTest" name="check_logo" time="6.071"/>
  <system-out/>
  <testcase classname="Tests.LoginPageTest" name="login" time="3.593"/>
  <system-out/>
  <testcase classname="Tests.LoginPageTest" name="verify_createaccount_option" time="2.301"/>
  <system-out/>
</testsuite> <!-- Tests.LoginPageTest -->
