<?xml version="1.0" encoding="UTF-8"?>
<!-- Generated by org.testng.reporters.JUnitReportReporter -->
<testsuite hostname="RGDevice" failures="0" tests="1" name="Tests.DashboardPageTest" time="11.849" errors="0" timestamp="2024-10-02T19:09:48 IST" skipped="0">
  <testcase classname="Tests.DashboardPageTest" name="get_elements" time="11.849"/>
</testsuite> <!-- Tests.DashboardPageTest -->
