<?xml version="1.0" encoding="UTF-8"?>
<!-- Generated by org.testng.reporters.JUnitReportReporter -->
<testsuite hostname="RGDevice" failures="0" tests="2" name="Tests.DashboardPageTest" time="23.519" errors="0" timestamp="2024-10-02T18:51:35 IST" skipped="0">
  <testcase classname="Tests.DashboardPageTest" name="check_logo" time="11.351"/>
  <testcase classname="Tests.DashboardPageTest" name="get_title" time="12.168"/>
</testsuite> <!-- Tests.DashboardPageTest -->
