<?xml version="1.0" encoding="UTF-8"?>
<!-- Generated by org.testng.reporters.JUnitReportReporter -->
<testsuite hostname="RGDevice" failures="0" tests="2" name="Tests.ProductDetailsPageTest" time="30.937" errors="0" timestamp="2024-10-27T11:53:17 IST" skipped="0">
  <testcase classname="Tests.ProductDetailsPageTest" name="check_title_page" time="15.056"/>
  <system-out/>
  <testcase classname="Tests.ProductDetailsPageTest" name="verify_productdetailscreen" time="15.881"/>
  <system-out/>
</testsuite> <!-- Tests.ProductDetailsPageTest -->
