<?xml version="1.0" encoding="UTF-8"?>
<!-- Generated by org.testng.reporters.JUnitReportReporter -->
<testsuite hostname="RGDevice" failures="0" tests="4" name="Tests.YourOrdersPageTest" time="40.552" errors="0" timestamp="2024-11-19T18:54:08 IST" skipped="0">
  <testcase classname="Tests.YourOrdersPageTest" name="check_title" time="7.761"/>
  <system-out/>
  <testcase classname="Tests.YourOrdersPageTest" name="check_page" time="8.092"/>
  <system-out/>
  <testcase classname="Tests.YourOrdersPageTest" name="get_yourorders_options" time="11.626"/>
  <system-out/>
  <testcase classname="Tests.YourOrdersPageTest" name="check_path" time="13.073"/>
  <system-out/>
</testsuite> <!-- Tests.YourOrdersPageTest -->
