<?xml version="1.0" encoding="UTF-8"?>
<!-- Generated by org.testng.reporters.JUnitReportReporter -->
<testsuite hostname="RGDevice" failures="0" tests="1" name="Tests.DashboardPageTest" time="11.811" errors="0" timestamp="2024-10-02T18:52:54 IST" skipped="0">
  <testcase classname="Tests.DashboardPageTest" name="check_logo" time="11.811"/>
</testsuite> <!-- Tests.DashboardPageTest -->
