<?xml version="1.0" encoding="UTF-8"?>
<!-- Generated by org.testng.reporters.JUnitReportReporter -->
<testsuite hostname="RGDevice" failures="0" tests="2" name="Tests.ProductDetailsPageTest" time="49.475" errors="0" timestamp="2024-10-06T16:58:39 IST" skipped="0">
  <testcase classname="Tests.ProductDetailsPageTest" name="check_title_page" time="28.992"/>
  <testcase classname="Tests.ProductDetailsPageTest" name="verify_productdetailscreen" time="20.483"/>
</testsuite> <!-- Tests.ProductDetailsPageTest -->
