<?xml version="1.0" encoding="UTF-8"?>
<!-- Generated by org.testng.reporters.JUnitReportReporter -->
<testsuite hostname="RGDevice" failures="0" tests="3" name="Tests.LoginPageTest" time="14.012" errors="0" timestamp="2024-10-22T12:09:06 IST" skipped="0">
  <testcase classname="Tests.LoginPageTest" name="check_title" time="2.153"/>
  <system-out/>
  <testcase classname="Tests.LoginPageTest" name="check_logo" time="5.607"/>
  <system-out/>
  <testcase classname="Tests.LoginPageTest" name="login" time="6.252"/>
  <system-out/>
</testsuite> <!-- Tests.LoginPageTest -->
