<?xml version="1.0" encoding="UTF-8"?>
<!-- Generated by org.testng.reporters.JUnitReportReporter -->
<testsuite hostname="RGDevice" failures="0" tests="3" name="Tests.LoginPageTest" time="16.097" errors="0" timestamp="2024-10-04T22:19:16 IST" skipped="0">
  <testcase classname="Tests.LoginPageTest" name="check_title" time="7.107"/>
  <testcase classname="Tests.LoginPageTest" name="check_logo" time="4.096"/>
  <testcase classname="Tests.LoginPageTest" name="login" time="4.894"/>
</testsuite> <!-- Tests.LoginPageTest -->
