<?xml version="1.0" encoding="UTF-8"?>
<!-- Generated by org.testng.reporters.JUnitReportReporter -->
<testsuite hostname="RGDevice" failures="0" tests="5" name="Tests.ShoppingCardPageTest" time="37.683" errors="0" timestamp="2024-10-21T16:37:30 IST" skipped="1">
  <testcase classname="Tests.ShoppingCardPageTest" name="Verify_title_of_page" time="7.019"/>
  <testcase classname="Tests.ShoppingCardPageTest" name="check_page" time="7.827"/>
  <testcase classname="Tests.ShoppingCardPageTest" name="list_of_items" time="7.379"/>
  <testcase classname="Tests.ShoppingCardPageTest" name="do_checkout" time="15.458"/>
  <testcase classname="Tests.ShoppingCardPageTest" name="add_product">
    <skipped/>
  </testcase> <!-- add_product -->
</testsuite> <!-- Tests.ShoppingCardPageTest -->
