<?xml version="1.0" encoding="UTF-8"?>
<!-- Generated by org.testng.reporters.JUnitReportReporter -->
<testsuite hostname="RGDevice" failures="0" tests="5" name="Tests.DashboardPageTest" time="36.203" errors="0" timestamp="2024-10-22T15:13:02 IST" skipped="0">
  <testcase classname="Tests.DashboardPageTest" name="get_title" time="5.599"/>
  <system-out/>
  <testcase classname="Tests.DashboardPageTest" name="check_logo" time="6.721"/>
  <system-out/>
  <testcase classname="Tests.DashboardPageTest" name="get_elements" time="5.914"/>
  <system-out/>
  <testcase classname="Tests.DashboardPageTest" name="search_products" time="10.280"/>
  <system-out/>
  <testcase classname="Tests.DashboardPageTest" name="check_user_name" time="7.689"/>
  <system-out/>
</testsuite> <!-- Tests.DashboardPageTest -->
