<?xml version="1.0" encoding="UTF-8"?>
<!-- Generated by org.testng.reporters.JUnitReportReporter -->
<testsuite hostname="RGDevice" failures="0" tests="3" name="Tests.LoginPageTest" time="17.619" errors="0" timestamp="2024-10-25T18:28:38 IST" skipped="0">
  <testcase classname="Tests.LoginPageTest" name="check_title" time="2.893"/>
  <system-out/>
  <testcase classname="Tests.LoginPageTest" name="check_logo" time="9.027"/>
  <system-out/>
  <testcase classname="Tests.LoginPageTest" name="login" time="5.699"/>
  <system-out/>
</testsuite> <!-- Tests.LoginPageTest -->
