<?xml version="1.0" encoding="UTF-8"?>
<!-- Generated by org.testng.reporters.JUnitReportReporter -->
<testsuite hostname="RGDevice" failures="0" tests="5" name="Tests.ShoppingCardPageTest" time="36.280" errors="0" timestamp="2024-10-27T11:53:17 IST" skipped="1">
  <testcase classname="Tests.ShoppingCardPageTest" name="Verify_title_of_page" time="7.492"/>
  <system-out/>
  <testcase classname="Tests.ShoppingCardPageTest" name="check_page" time="7.662"/>
  <system-out/>
  <testcase classname="Tests.ShoppingCardPageTest" name="list_of_items" time="7.152"/>
  <system-out/>
  <testcase classname="Tests.ShoppingCardPageTest" name="do_checkout" time="13.974"/>
  <system-out/>
  <testcase classname="Tests.ShoppingCardPageTest" name="add_product">
    <skipped/>
  </testcase> <!-- add_product -->
  <system-out/>
</testsuite> <!-- Tests.ShoppingCardPageTest -->
