<?xml version="1.0" encoding="UTF-8"?>
<!-- Generated by org.testng.reporters.JUnitReportReporter -->
<testsuite hostname="RGDevice" failures="0" tests="2" name="Tests.ProductDetailsPageTest" time="31.855" errors="0" timestamp="2024-10-22T15:20:13 IST" skipped="0">
  <testcase classname="Tests.ProductDetailsPageTest" name="check_title_page" time="14.967"/>
  <system-out/>
  <testcase classname="Tests.ProductDetailsPageTest" name="verify_productdetailscreen" time="16.888"/>
  <system-out/>
</testsuite> <!-- Tests.ProductDetailsPageTest -->
