<?xml version="1.0" encoding="UTF-8"?>
<!-- Generated by org.testng.reporters.JUnitReportReporter -->
<testsuite hostname="RGDevice" failures="0" tests="1" name="Tests.YourAccountPageTest" time="13.842" errors="0" timestamp="2024-12-28T18:15:03 IST" skipped="0">
  <testcase classname="Tests.YourAccountPageTest" name="check_links" time="13.842"/>
  <system-out/>
</testsuite> <!-- Tests.YourAccountPageTest -->
