<?xml version="1.0" encoding="UTF-8"?>
<!-- Generated by org.testng.reporters.JUnitReportReporter -->
<testsuite hostname="RGDevice" failures="0" tests="4" name="Tests.DashboardPageTest" time="56.880" errors="0" timestamp="2024-10-04T22:19:16 IST" skipped="0">
  <testcase classname="Tests.DashboardPageTest" name="check_logo" time="11.732"/>
  <testcase classname="Tests.DashboardPageTest" name="get_title" time="19.904"/>
  <testcase classname="Tests.DashboardPageTest" name="get_elements" time="10.890"/>
  <testcase classname="Tests.DashboardPageTest" name="search_products" time="14.354"/>
</testsuite> <!-- Tests.DashboardPageTest -->
