<?xml version="1.0" encoding="UTF-8"?>
<!-- Generated by org.testng.reporters.JUnitReportReporter -->
<testsuite hostname="RGDevice" failures="0" tests="4" name="Tests.YourOrdersPageTest" time="39.590" errors="0" timestamp="2024-10-27T11:53:17 IST" skipped="0">
  <testcase classname="Tests.YourOrdersPageTest" name="check_title" time="6.712"/>
  <system-out/>
  <testcase classname="Tests.YourOrdersPageTest" name="check_page" time="8.293"/>
  <system-out/>
  <testcase classname="Tests.YourOrdersPageTest" name="get_yourorders_options" time="11.276"/>
  <system-out/>
  <testcase classname="Tests.YourOrdersPageTest" name="check_path" time="13.309"/>
  <system-out/>
</testsuite> <!-- Tests.YourOrdersPageTest -->
