<?xml version="1.0" encoding="UTF-8"?>
<!-- Generated by org.testng.reporters.JUnitReportReporter -->
<testsuite hostname="RGDevice" failures="0" tests="1" name="Tests.LoginPageTest" time="9.847" errors="0" timestamp="2024-11-20T18:21:59 IST" skipped="0">
  <testcase classname="Tests.LoginPageTest" name="login" time="9.847"/>
  <system-out/>
</testsuite> <!-- Tests.LoginPageTest -->
