<?xml version="1.0" encoding="UTF-8"?>
<!-- Generated by org.testng.reporters.JUnitReportReporter -->
<testsuite hostname="RGDevice" failures="0" tests="3" name="Tests.LoginPageTest" time="11.347" errors="0" timestamp="2024-10-27T12:11:34 IST" skipped="0">
  <testcase classname="Tests.LoginPageTest" name="check_title" time="2.714"/>
  <system-out/>
  <testcase classname="Tests.LoginPageTest" name="check_logo" time="2.254"/>
  <system-out/>
  <testcase classname="Tests.LoginPageTest" name="login" time="6.379"/>
  <system-out/>
</testsuite> <!-- Tests.LoginPageTest -->
