<?xml version="1.0" encoding="UTF-8"?>
<!-- Generated by org.testng.reporters.JUnitReportReporter -->
<testsuite hostname="RGDevice" failures="0" tests="4" name="Tests.LoginPageTest" time="13.749" errors="0" timestamp="2024-10-28T17:12:09 IST" skipped="0">
  <testcase classname="Tests.LoginPageTest" name="check_title" time="4.746"/>
  <system-out/>
  <testcase classname="Tests.LoginPageTest" name="check_logo" time="2.119"/>
  <system-out/>
  <testcase classname="Tests.LoginPageTest" name="login" time="4.097"/>
  <system-out/>
  <testcase classname="Tests.LoginPageTest" name="verify_createaccount_option" time="2.787"/>
  <system-out/>
</testsuite> <!-- Tests.LoginPageTest -->
