<?xml version="1.0" encoding="UTF-8"?>
<!-- Generated by org.testng.reporters.JUnitReportReporter -->
<testsuite hostname="RGDevice" failures="0" tests="4" name="Tests.LoginPageTest" time="13.534" errors="0" timestamp="2024-11-17T17:52:13 IST" skipped="0">
  <testcase classname="Tests.LoginPageTest" name="check_title" time="1.961"/>
  <system-out/>
  <testcase classname="Tests.LoginPageTest" name="check_logo" time="2.772"/>
  <system-out/>
  <testcase classname="Tests.LoginPageTest" name="login" time="6.828"/>
  <system-out/>
  <testcase classname="Tests.LoginPageTest" name="verify_createaccount_option" time="1.973"/>
  <system-out/>
</testsuite> <!-- Tests.LoginPageTest -->
