<?xml version="1.0" encoding="UTF-8"?>
<!-- Generated by org.testng.reporters.JUnitReportReporter -->
<testsuite hostname="RGDevice" failures="0" tests="2" name="Tests.ProductDetailsPageTest" time="33.680" errors="0" timestamp="2024-10-06T20:04:07 IST" skipped="0">
  <testcase classname="Tests.ProductDetailsPageTest" name="check_title_page" time="17.483"/>
  <testcase classname="Tests.ProductDetailsPageTest" name="verify_productdetailscreen" time="16.197"/>
</testsuite> <!-- Tests.ProductDetailsPageTest -->
