<?xml version="1.0" encoding="UTF-8"?>
<!-- Generated by org.testng.reporters.JUnitReportReporter -->
<testsuite hostname="RGDevice" failures="0" tests="4" name="Tests.YourOrdersPageTest" time="51.557" errors="0" timestamp="2024-11-15T21:04:58 IST" skipped="0">
  <testcase classname="Tests.YourOrdersPageTest" name="check_title" time="11.649"/>
  <system-out/>
  <testcase classname="Tests.YourOrdersPageTest" name="check_page" time="8.635"/>
  <system-out/>
  <testcase classname="Tests.YourOrdersPageTest" name="get_yourorders_options" time="16.202"/>
  <system-out/>
  <testcase classname="Tests.YourOrdersPageTest" name="check_path" time="15.071"/>
  <system-out/>
</testsuite> <!-- Tests.YourOrdersPageTest -->
