<?xml version="1.0" encoding="UTF-8"?>
<!-- Generated by org.testng.reporters.JUnitReportReporter -->
<testsuite hostname="RGDevice" failures="0" tests="1" name="Tests.DashboardPageTest" time="12.408" errors="0" timestamp="2024-10-03T16:07:09 IST" skipped="0">
  <testcase classname="Tests.DashboardPageTest" name="search_products" time="12.408"/>
</testsuite> <!-- Tests.DashboardPageTest -->
