<?xml version="1.0" encoding="UTF-8"?>
<!-- Generated by org.testng.reporters.JUnitReportReporter -->
<testsuite hostname="RGDevice" failures="0" tests="4" name="Tests.LoginPageTest" time="36.989" errors="0" timestamp="2024-11-15T21:04:58 IST" skipped="0">
  <testcase classname="Tests.LoginPageTest" name="check_title" time="15.823"/>
  <system-out/>
  <testcase classname="Tests.LoginPageTest" name="check_logo" time="10.606"/>
  <system-out/>
  <testcase classname="Tests.LoginPageTest" name="login" time="6.366"/>
  <system-out/>
  <testcase classname="Tests.LoginPageTest" name="verify_createaccount_option" time="4.194"/>
  <system-out/>
</testsuite> <!-- Tests.LoginPageTest -->
