<?xml version="1.0" encoding="UTF-8"?>
<!-- Generated by org.testng.reporters.JUnitReportReporter -->
<testsuite hostname="RGDevice" failures="0" tests="4" name="Tests.YourOrdersPageTest" time="39.090" errors="0" timestamp="2024-10-21T16:37:30 IST" skipped="0">
  <testcase classname="Tests.YourOrdersPageTest" name="check_title" time="7.705"/>
  <testcase classname="Tests.YourOrdersPageTest" name="check_page" time="7.423"/>
  <testcase classname="Tests.YourOrdersPageTest" name="get_yourorders_options" time="11.833"/>
  <testcase classname="Tests.YourOrdersPageTest" name="check_path" time="12.129"/>
</testsuite> <!-- Tests.YourOrdersPageTest -->
