<?xml version="1.0" encoding="UTF-8"?>
<!-- Generated by org.testng.reporters.JUnitReportReporter -->
<testsuite hostname="RGDevice" failures="0" tests="2" name="Tests.ShoppingCardPageTest" time="13.980" errors="0" timestamp="2024-10-14T21:12:45 IST" skipped="1">
  <testcase classname="Tests.ShoppingCardPageTest" name="list_of_items" time="13.980"/>
  <testcase classname="Tests.ShoppingCardPageTest" name="add_product">
    <skipped/>
  </testcase> <!-- add_product -->
</testsuite> <!-- Tests.ShoppingCardPageTest -->
