<?xml version="1.0" encoding="UTF-8"?>
<!-- Generated by org.testng.reporters.JUnitReportReporter -->
<testsuite hostname="RGDevice" failures="0" tests="3" name="Tests.ShoppingCardPageTest" time="21.998" errors="0" timestamp="2024-11-23T16:33:17 IST" skipped="1">
  <testcase classname="Tests.ShoppingCardPageTest" name="Verify_title_of_page" time="12.909"/>
  <system-out/>
  <testcase classname="Tests.ShoppingCardPageTest" name="list_of_items" time="9.089"/>
  <system-out/>
  <testcase classname="Tests.ShoppingCardPageTest" name="add_product">
    <skipped/>
  </testcase> <!-- add_product -->
  <system-out/>
</testsuite> <!-- Tests.ShoppingCardPageTest -->
