<?xml version="1.0" encoding="UTF-8"?>
<!-- Generated by org.testng.reporters.JUnitReportReporter -->
<testsuite hostname="RGDevice" failures="0" tests="1" name="Tests.ShoppingCardPageTest" time="15.115" errors="0" timestamp="2024-10-10T20:06:44 IST" skipped="0">
  <testcase classname="Tests.ShoppingCardPageTest" name="check_page" time="15.115"/>
</testsuite> <!-- Tests.ShoppingCardPageTest -->
