<?xml version="1.0" encoding="UTF-8"?>
<!-- Generated by org.testng.reporters.JUnitReportReporter -->
<testsuite hostname="RGDevice" failures="0" tests="2" name="Tests.YourOrdersPageTest" time="21.926" errors="0" timestamp="2024-11-23T16:33:17 IST" skipped="0">
  <testcase classname="Tests.YourOrdersPageTest" name="check_title" time="8.948"/>
  <system-out/>
  <testcase classname="Tests.YourOrdersPageTest" name="get_yourorders_options" time="12.978"/>
  <system-out/>
</testsuite> <!-- Tests.YourOrdersPageTest -->
