<?xml version="1.0" encoding="UTF-8"?>
<!-- Generated by org.testng.reporters.JUnitReportReporter -->
<testsuite hostname="RGDevice" failures="0" tests="2" name="Tests.DashboardPageTest" time="17.286" errors="0" timestamp="2024-11-23T16:33:17 IST" skipped="0">
  <testcase classname="Tests.DashboardPageTest" name="get_title" time="6.743"/>
  <system-out/>
  <testcase classname="Tests.DashboardPageTest" name="search_products" time="10.543"/>
  <system-out/>
</testsuite> <!-- Tests.DashboardPageTest -->
