<?xml version="1.0" encoding="UTF-8"?>
<!-- Generated by org.testng.reporters.JUnitReportReporter -->
<testsuite hostname="RGDevice" failures="0" tests="5" name="Tests.ShoppingCardPageTest" time="37.704" errors="0" timestamp="2024-11-19T18:54:08 IST" skipped="1">
  <testcase classname="Tests.ShoppingCardPageTest" name="Verify_title_of_page" time="8.834"/>
  <system-out/>
  <testcase classname="Tests.ShoppingCardPageTest" name="check_page" time="8.687"/>
  <system-out/>
  <testcase classname="Tests.ShoppingCardPageTest" name="list_of_items" time="7.790"/>
  <system-out/>
  <testcase classname="Tests.ShoppingCardPageTest" name="do_checkout" time="12.393"/>
  <system-out/>
  <testcase classname="Tests.ShoppingCardPageTest" name="add_product">
    <skipped/>
  </testcase> <!-- add_product -->
  <system-out/>
</testsuite> <!-- Tests.ShoppingCardPageTest -->
