<?xml version="1.0" encoding="UTF-8"?>
<!-- Generated by org.testng.reporters.JUnitReportReporter -->
<testsuite hostname="RGDevice" failures="0" tests="1" name="Tests.YourAccountPageTest" time="9.987" errors="0" timestamp="2024-12-28T18:29:31 IST" skipped="0">
  <testcase classname="Tests.YourAccountPageTest" name="check_links" time="9.987"/>
  <system-out/>
</testsuite> <!-- Tests.YourAccountPageTest -->
