<?xml version="1.0" encoding="UTF-8"?>
<!-- Generated by org.testng.reporters.JUnitReportReporter -->
<testsuite hostname="RGDevice" failures="0" tests="5" name="Tests.ShoppingCardPageTest" time="34.916" errors="0" timestamp="2024-11-16T17:42:03 IST" skipped="1">
  <testcase classname="Tests.ShoppingCardPageTest" name="Verify_title_of_page" time="8.926"/>
  <testcase classname="Tests.ShoppingCardPageTest" name="check_page" time="7.526"/>
  <testcase classname="Tests.ShoppingCardPageTest" name="list_of_items" time="7.126"/>
  <testcase classname="Tests.ShoppingCardPageTest" name="do_checkout" time="11.338"/>
  <testcase classname="Tests.ShoppingCardPageTest" name="add_product">
    <skipped/>
  </testcase> <!-- add_product -->
</testsuite> <!-- Tests.ShoppingCardPageTest -->
