<?xml version="1.0" encoding="UTF-8"?>
<!-- Generated by org.testng.reporters.JUnitReportReporter -->
<testsuite hostname="RGDevice" failures="0" tests="4" name="Tests.LoginPageTest" time="55.212" errors="0" timestamp="2024-11-16T17:42:03 IST" skipped="0">
  <testcase classname="Tests.LoginPageTest" name="check_title" time="39.904"/>
  <testcase classname="Tests.LoginPageTest" name="check_logo" time="2.150"/>
  <testcase classname="Tests.LoginPageTest" name="login" time="9.770"/>
  <testcase classname="Tests.LoginPageTest" name="verify_createaccount_option" time="3.388"/>
</testsuite> <!-- Tests.LoginPageTest -->
