<?xml version="1.0" encoding="UTF-8"?>
<!-- Generated by org.testng.reporters.JUnitReportReporter -->
<testsuite hostname="RGDevice" failures="0" tests="3" name="Tests.ProductDetailsPageTest" time="48.067" errors="0" timestamp="2024-11-16T17:42:03 IST" skipped="0">
  <testcase classname="Tests.ProductDetailsPageTest" name="check_title_page" time="15.920"/>
  <testcase classname="Tests.ProductDetailsPageTest" name="verify_productdetailscreen" time="14.520"/>
  <testcase classname="Tests.ProductDetailsPageTest" name="about_product" time="17.627"/>
</testsuite> <!-- Tests.ProductDetailsPageTest -->
