<?xml version="1.0" encoding="UTF-8"?>
<!-- Generated by org.testng.reporters.JUnitReportReporter -->
<testsuite hostname="RGDevice" failures="0" tests="4" name="Tests.YourOrdersPageTest" time="40.163" errors="0" timestamp="2024-11-16T17:42:03 IST" skipped="0">
  <testcase classname="Tests.YourOrdersPageTest" name="check_title" time="7.653"/>
  <testcase classname="Tests.YourOrdersPageTest" name="check_page" time="7.549"/>
  <testcase classname="Tests.YourOrdersPageTest" name="get_yourorders_options" time="12.295"/>
  <testcase classname="Tests.YourOrdersPageTest" name="check_path" time="12.666"/>
</testsuite> <!-- Tests.YourOrdersPageTest -->
